<?xml version="1.0" encoding="UTF-8"?>
<testsuite name="utils.agentMethods.TaxiMethodsTest" tests="2" skipped="0" failures="0" errors="0" timestamp="2018-06-10T13:38:15" hostname="billywithbellys-MacBook-Pro.local" time="0.344">
  <properties/>
  <testcase name="getJobDistance" classname="utils.agentMethods.TaxiMethodsTest" time="0.02"/>
  <testcase name="getJobDistance" classname="utils.agentMethods.TaxiMethodsTest" time="0.004"/>
  <system-out><![CDATA[@Test - getJobDistance
@Test - getJobDistance
]]></system-out>
  <system-err><![CDATA[]]></system-err>
</testsuite>
