<?xml version="1.0" encoding="UTF-8"?>
<testsuite name="utils.agentMethods.TaxiMethodsTest" tests="2" skipped="0" failures="0" errors="0" timestamp="2018-06-06T10:56:09" hostname="billywithbellys-MacBook-Pro.local" time="0.287">
  <properties/>
  <testcase name="getJobDistance" classname="utils.agentMethods.TaxiMethodsTest" time="0.011"/>
  <testcase name="getJobDistance" classname="utils.agentMethods.TaxiMethodsTest" time="0.007"/>
  <system-out><![CDATA[@Test - getJobDistance
@Test - getJobDistance
]]></system-out>
  <system-err><![CDATA[]]></system-err>
</testsuite>
